{"/home/olga/Documentos/proyecto_oficial/server/backend/src/modules/usermodule/model/UserModel.ts": {"path":"/home/olga/Documentos/proyecto_oficial/server/backend/src/modules/usermodule/model/UserModel.ts","statementMap":{"0":{"start":{"line":1,"column":0},"end":{"line":1,"column":54}},"1":{"start":{"line":18,"column":19},"end":{"line":38,"column":2}},"2":{"start":{"line":27,"column":8},"end":{"line":27,"column":51}},"3":{"start":{"line":29,"column":31},"end":{"line":29,"column":70}},"4":{"start":{"line":39,"column":27},"end":{"line":41,"column":1}},"5":{"start":{"line":40,"column":2},"end":{"line":40,"column":50}},"6":{"start":{"line":39,"column":13},"end":{"line":39,"column":27}}},"fnMap":{"0":{"name":"(anonymous_0)","decl":{"start":{"line":26,"column":17},"end":{"line":26,"column":18}},"loc":{"start":{"line":26,"column":31},"end":{"line":28,"column":7}}},"1":{"name":"(anonymous_1)","decl":{"start":{"line":29,"column":15},"end":{"line":29,"column":16}},"loc":{"start":{"line":29,"column":31},"end":{"line":29,"column":70}}},"2":{"name":"(anonymous_2)","decl":{"start":{"line":39,"column":27},"end":{"line":39,"column":28}},"loc":{"start":{"line":39,"column":50},"end":{"line":41,"column":1}}}},"branchMap":{},"s":{"0":1,"1":1,"2":3,"3":0,"4":1,"5":5,"6":1},"f":{"0":3,"1":0,"2":5},"b":{}}
,"/home/olga/Documentos/proyecto_oficial/server/backend/src/modules/usermodule/repositories/UserRepository.ts": {"path":"/home/olga/Documentos/proyecto_oficial/server/backend/src/modules/usermodule/repositories/UserRepository.ts","statementMap":{"0":{"start":{"line":3,"column":0},"end":{"line":3,"column":55}},"1":{"start":{"line":9,"column":0},"end":{"line":9,"column":30}}},"fnMap":{"0":{"name":"(anonymous_0)","decl":{"start":{"line":6,"column":9},"end":{"line":6,"column":14}},"loc":{"start":{"line":6,"column":14},"end":{"line":6,"column":19}}},"1":{"name":"(anonymous_1)","decl":{"start":{"line":7,"column":9},"end":{"line":7,"column":16}},"loc":{"start":{"line":7,"column":16},"end":{"line":7,"column":21}}}},"branchMap":{},"s":{"0":1,"1":1},"f":{"0":0,"1":0},"b":{}}
,"/home/olga/Documentos/proyecto_oficial/server/backend/src/modules/usermodule/repositories/base/BaseRepository.ts": {"path":"/home/olga/Documentos/proyecto_oficial/server/backend/src/modules/usermodule/repositories/base/BaseRepository.ts","statementMap":{"0":{"start":{"line":8,"column":4},"end":{"line":8,"column":24}},"1":{"start":{"line":11,"column":18},"end":{"line":11,"column":39}},"2":{"start":{"line":12,"column":4},"end":{"line":12,"column":32}},"3":{"start":{"line":15,"column":4},"end":{"line":15,"column":57}},"4":{"start":{"line":18,"column":4},"end":{"line":18,"column":49}},"5":{"start":{"line":21,"column":4},"end":{"line":21,"column":40}},"6":{"start":{"line":24,"column":4},"end":{"line":24,"column":44}},"7":{"start":{"line":5,"column":0},"end":{"line":5,"column":22}}},"fnMap":{"0":{"name":"(anonymous_7)","decl":{"start":{"line":7,"column":2},"end":{"line":7,"column":14}},"loc":{"start":{"line":7,"column":29},"end":{"line":9,"column":3}}},"1":{"name":"(anonymous_8)","decl":{"start":{"line":10,"column":8},"end":{"line":10,"column":14}},"loc":{"start":{"line":10,"column":22},"end":{"line":13,"column":null}}},"2":{"name":"(anonymous_10)","decl":{"start":{"line":14,"column":8},"end":{"line":14,"column":14}},"loc":{"start":{"line":14,"column":34},"end":{"line":16,"column":null}}},"3":{"name":"(anonymous_12)","decl":{"start":{"line":17,"column":8},"end":{"line":17,"column":14}},"loc":{"start":{"line":17,"column":25},"end":{"line":19,"column":null}}},"4":{"name":"(anonymous_14)","decl":{"start":{"line":20,"column":8},"end":{"line":20,"column":12}},"loc":{"start":{"line":20,"column":20},"end":{"line":22,"column":null}}},"5":{"name":"(anonymous_16)","decl":{"start":{"line":23,"column":8},"end":{"line":23,"column":15}},"loc":{"start":{"line":23,"column":28},"end":{"line":25,"column":null}}}},"branchMap":{},"s":{"0":5,"1":3,"2":3,"3":1,"4":3,"5":3,"6":2,"7":1},"f":{"0":5,"1":3,"2":1,"3":3,"4":3,"5":2},"b":{}}
}
