TN:
SF:src/modules/semestremodule/modelS/SemestreModel.ts
FN:18,(anonymous_0)
FNF:1
FNH:1
FNDA:5,(anonymous_0)
DA:1,1
DA:13,1
DA:18,1
DA:19,5
LF:4
LH:4
BRF:0
BRH:0
end_of_record
TN:
SF:src/modules/semestremodule/repositoriesS/SemestreRepository.ts
FNF:0
FNH:0
DA:2,1
DA:4,1
LF:2
LH:2
BRF:0
BRH:0
end_of_record
TN:
SF:src/modules/semestremodule/repositoriesS/baseS/BaseSemestreRepository.ts
FN:7,(anonymous_7)
FN:11,(anonymous_8)
FN:15,(anonymous_10)
FN:18,(anonymous_12)
FN:21,(anonymous_14)
FN:24,(anonymous_16)
FNF:6
FNH:6
FNDA:5,(anonymous_7)
FNDA:3,(anonymous_8)
FNDA:1,(anonymous_10)
FNDA:3,(anonymous_12)
FNDA:3,(anonymous_14)
FNDA:2,(anonymous_16)
DA:5,1
DA:8,5
DA:12,3
DA:13,3
DA:16,1
DA:19,3
DA:22,3
DA:25,2
LF:8
LH:8
BRF:0
BRH:0
end_of_record
