TN:
SF:src/modules/ambientemodule/module/AmbienteModule.ts
FN:22,(anonymous_0)
FN:25,(anonymous_1)
FN:32,(anonymous_2)
FN:35,(anonymous_3)
FN:42,(anonymous_4)
FNF:5
FNH:3
FNDA:3,(anonymous_0)
FNDA:0,(anonymous_1)
FNDA:3,(anonymous_2)
FNDA:0,(anonymous_3)
FNDA:5,(anonymous_4)
DA:1,1
DA:12,1
DA:23,3
DA:25,0
DA:33,3
DA:35,0
DA:42,1
DA:43,5
LF:8
LH:6
BRF:0
BRH:0
end_of_record
TN:
SF:src/modules/ambientemodule/repositories/interfaces/AmbienteRepository.ts
FN:5,(anonymous_0)
FNF:1
FNH:0
FNDA:0,(anonymous_0)
DA:2,1
DA:4,1
LF:2
LH:2
BRF:0
BRH:0
end_of_record
